\BOOKMARK [1][-]{section.1}{\376\377\145\160\213\272}{}% 1
\BOOKMARK [2][-]{subsection.1.1}{\376\377\175\040\145\160\173\133}{section.1}% 2
\BOOKMARK [3][-]{subsubsection.1.1.1}{\376\377\176\277\140\047\173\133}{subsection.1.1}% 3
\BOOKMARK [3][-]{subsubsection.1.1.2}{\376\377\134\017\175\040\145\160\000\040\000x\000\040\127\050\000\040\000l\000o\000g\000\040\000x\000\040\145\366\225\364\121\205\122\006\211\343}{subsection.1.1}% 4
\BOOKMARK [3][-]{subsubsection.1.1.3}{\376\377\123\072\225\364\173\133\000\040\377\010\000O\000\050\000n\000l\000o\000g\000l\000o\000g\000n\000\051\377\011}{subsection.1.1}% 5
\BOOKMARK [3][-]{subsubsection.1.1.4}{\376\377\000M\000e\000i\000s\000e\000l\000l\000-\000L\000e\000h\000m\000e\000r\000\040\000\050\000O\000\050\000n\000\040\000\040\0002\0003\000\051\000\040\154\102\000\040\000[\0001\000,\000\040\000n\000]\000\040\175\040\145\160\166\204\116\052\145\160\000\051}{subsection.1.1}% 6
\BOOKMARK [2][-]{subsection.1.2}{\376\377\137\122\136\166\143\222\136\217\154\102\220\006\136\217\133\371\000\040\000O\000\050\000n\000l\000o\000g\000\050\000n\000\051\000\051\000\040}{section.1}% 7
\BOOKMARK [2][-]{subsection.1.3}{\376\377\000G\000C\000D\123\312\121\166\136\224\165\050}{section.1}% 8
\BOOKMARK [3][-]{subsubsection.1.3.1}{\376\377\142\323\134\125\000G\000C\000D}{subsection.1.3}% 9
\BOOKMARK [3][-]{subsubsection.1.3.2}{\376\377\000E\000X\000G\000C\000D\154\102\220\006\121\103}{subsection.1.3}% 10
\BOOKMARK [3][-]{subsubsection.1.3.3}{\376\377\155\156\160\271\145\160\000G\000C\000D}{subsection.1.3}% 11
\BOOKMARK [2][-]{subsection.1.4}{\376\377\220\006\121\103}{section.1}% 12
\BOOKMARK [3][-]{subsubsection.1.4.1}{\376\377\123\326\152\041\141\017\116\111\116\013\137\353\220\037\136\102\000\040\000O\000\050\000l\000o\000g\000\050\000n\000\051\000\051}{subsection.1.4}% 13
\BOOKMARK [3][-]{subsubsection.1.4.2}{\376\377\215\071\232\154\134\017\133\232\164\006}{subsection.1.4}% 14
\BOOKMARK [3][-]{subsubsection.1.4.3}{\376\377\176\277\140\047\220\022\143\250\226\066\116\130\220\006\121\103}{subsection.1.4}% 15
\BOOKMARK [3][-]{subsubsection.1.4.4}{\376\377\176\277\140\047\220\022\143\250\220\006\121\103}{subsection.1.4}% 16
\BOOKMARK [2][-]{subsection.1.5}{\376\377\116\055\126\375\122\151\117\131\133\232\164\006\000\040\000C\000R\000T}{section.1}% 17
\BOOKMARK [3][-]{subsubsection.1.5.1}{\376\377\000C\000R\000T\377\010\211\201\154\102\152\041\145\160\145\160\176\304\116\044\116\044\116\222\215\050\377\011}{subsection.1.5}% 18
\BOOKMARK [3][-]{subsubsection.1.5.2}{\376\377\000E\000X\000C\000R\000T\377\010\116\015\211\201\154\102\152\041\145\160\145\160\176\304\116\044\116\044\116\222\215\050\377\011}{subsection.1.5}% 19
\BOOKMARK [2][-]{subsection.1.6}{\376\377\153\047\142\311\121\375\145\160}{section.1}% 20
\BOOKMARK [3][-]{subsubsection.1.6.1}{\376\377\176\277\140\047\173\133}{subsection.1.6}% 21
\BOOKMARK [3][-]{subsubsection.1.6.2}{\376\377\000O\000\050\000x\000\051\000\040\154\102\123\125\116\052\153\047\142\311\121\375\145\160\120\074}{subsection.1.6}% 22
\BOOKMARK [2][-]{subsection.1.7}{\376\377\203\253\153\324\116\114\145\257\121\375\145\160}{section.1}% 23
\BOOKMARK [3][-]{subsubsection.1.7.1}{\376\377\176\277\140\047\173\133}{subsection.1.7}% 24
\BOOKMARK [3][-]{subsubsection.1.7.2}{\376\377\000O\000\050\000x\000\051\000\040\154\102\123\125\116\052\203\253\153\324\116\114\145\257\121\375\145\160\166\204\120\074}{subsection.1.7}% 25
\BOOKMARK [3][-]{subsubsection.1.7.3}{\376\377\145\160\213\272\122\006\127\127}{subsection.1.7}% 26
\BOOKMARK [2][-]{subsection.1.8}{\376\377\171\273\145\143\133\371\145\160\000\040\000E\000X\000B\000S\000G\000S\000\040\173\227\154\325}{section.1}% 27
\BOOKMARK [2][-]{subsection.1.9}{\376\377\153\047\142\311\226\115\136\102\121\154\137\017}{section.1}% 28
\BOOKMARK [2][-]{subsection.1.10}{\376\377\126\340\133\120\166\370\121\163}{section.1}% 29
\BOOKMARK [3][-]{subsubsection.1.10.1}{\376\377\126\340\133\120\116\052\145\160}{subsection.1.10}% 30
\BOOKMARK [3][-]{subsubsection.1.10.2}{\376\377\126\340\133\120\124\214\176\277\140\047\173\133}{subsection.1.10}% 31
\BOOKMARK [2][-]{subsection.1.11}{\376\377\132\001\134\024\220\012\133\232\164\006\377\010\122\051\165\050\226\066\116\130\122\044\133\232\175\040\145\160\166\204\121\105\211\201\147\141\116\366\377\011}{section.1}% 32
\BOOKMARK [2][-]{subsection.1.12}{\376\377\145\257\162\171\147\227\217\321\117\074\377\010\000n\000\040\166\204\226\066\116\130\166\204\225\177\136\246\377\011}{section.1}% 33
\BOOKMARK [1][-]{section.2}{\376\377\176\277\140\047\116\343\145\160}{}% 34
\BOOKMARK [2][-]{subsection.2.1}{\376\377\167\351\226\065\137\353\220\037\136\102}{section.2}% 35
\BOOKMARK [3][-]{subsubsection.2.1.1}{\376\377\152\041\147\177}{subsection.2.1}% 36
\BOOKMARK [3][-]{subsubsection.2.1.2}{\376\377\145\220\154\342\220\243\131\121\145\160\122\027\173\054\000\040\000N\000\040\230\171}{subsection.2.1}% 37
\BOOKMARK [3][-]{subsubsection.2.1.3}{\376\377\116\000\202\054\176\277\140\047\220\022\143\250\137\017}{subsection.2.1}% 38
\BOOKMARK [3][-]{subsubsection.2.1.4}{\376\377\167\351\226\065\136\102\166\204\124\214}{subsection.2.1}% 39
\BOOKMARK [2][-]{subsection.2.2}{\376\377\000B\000M\000\040\173\227\154\325\377\010\176\277\140\047\220\022\143\250\137\017\377\011}{section.2}% 40
\BOOKMARK [2][-]{subsection.2.3}{\376\377\232\330\145\257\155\210\121\103}{section.2}% 41
\BOOKMARK [3][-]{subsubsection.2.3.1}{\376\377\116\343\145\160\141\017\116\111\116\013}{subsection.2.3}% 42
\BOOKMARK [2][-]{subsection.2.4}{\376\377\176\277\140\047\127\372\377\010\123\072\225\364\133\120\226\306\137\002\142\026\147\000\120\074\377\011}{section.2}% 43
\BOOKMARK [2][-]{subsection.2.5}{\376\377\176\277\140\047\211\304\122\022\225\356\230\230\377\010\123\125\176\257\137\142\154\325\377\011}{section.2}% 44
\BOOKMARK [1][-]{section.3}{\376\377\176\304\124\010\145\160\133\146}{}% 45
\BOOKMARK [2][-]{subsection.3.1}{\376\377\176\304\124\010\145\160}{section.3}% 46
\BOOKMARK [3][-]{subsubsection.3.1.1}{\376\377\152\041\147\177}{subsection.3.1}% 47
\BOOKMARK [3][-]{subsubsection.3.1.2}{\376\377\000L\000u\000c\000a\000s\000\040\133\232\164\006\377\010\154\102\211\343\000\040\000n\000,\000\040\000m\000\040\131\047\377\014\134\017\152\041\145\160\123\326\152\041\166\204\176\304\124\010\145\160\377\011}{subsection.3.1}% 48
\BOOKMARK [2][-]{subsection.3.2}{\376\377\136\267\142\130\134\125\137\000\116\016\220\006\136\267\142\130\134\125\137\000\377\010\121\150\143\222\122\027\122\060\201\352\161\066\145\160\166\204\123\314\134\004\377\011}{section.3}% 49
\BOOKMARK [2][-]{subsection.3.3}{\376\377\137\353\220\037\120\205\221\314\123\366\123\330\143\142\000\040\000F\000F\000T\000\040\377\010\122\240\220\037\122\240\154\325\144\315\117\134\123\167\171\357\217\320\173\227\000\040\000O\000\050\000n\000l\000o\000g\000n\000\051\377\011}{section.3}% 50
\BOOKMARK [2][-]{subsection.3.4}{\376\377\000n\000\040\116\052\000\040\000m\000\040\217\271\137\142\122\022\122\006\136\163\227\142}{section.3}% 51
\BOOKMARK [2][-]{subsection.3.5}{\376\377\232\330\176\364\122\115\177\000\124\214\377\010\133\371\133\120\226\306\377\010\215\205\226\306\377\011\154\102\124\214\377\011}{section.3}% 52
\BOOKMARK [2][-]{subsection.3.6}{\376\377\137\353\220\037\154\203\134\024\116\300\123\330\143\142\000\040\000F\000W\000T\000\040\377\010\122\240\220\037\117\115\144\315\117\134\123\167\171\357\144\315\117\134\000\040\000O\000\050\000n\000l\000o\000g\000n\000\051\377\011}{section.3}% 53
\BOOKMARK [2][-]{subsection.3.7}{\376\377\145\164\145\160\122\022\122\006}{section.3}% 54
\BOOKMARK [3][-]{subsubsection.3.7.1}{\376\377\122\022\122\006\116\072\116\015\124\014\145\164\145\160}{subsection.3.7}% 55
\BOOKMARK [3][-]{subsubsection.3.7.2}{\376\377\123\357\133\130\127\050\166\370\124\014\145\164\145\160}{subsection.3.7}% 56
\BOOKMARK [1][-]{section.4}{\376\377\121\340\117\125\127\372\170\100}{}% 57
\BOOKMARK [2][-]{subsection.4.1}{\376\377\160\271\124\214\124\021\221\317}{section.4}% 58
\BOOKMARK [2][-]{subsection.4.2}{\376\377\131\015\145\160\174\173\133\236\163\260\136\163\227\142\124\021\221\317}{section.4}% 59
\BOOKMARK [2][-]{subsection.4.3}{\376\377\160\271\124\214\166\364\176\277}{section.4}% 60
\BOOKMARK [3][-]{subsubsection.4.3.1}{\376\377\166\364\176\277\133\232\116\111}{subsection.4.3}% 61
\BOOKMARK [3][-]{subsubsection.4.3.2}{\376\377\213\241\173\227\116\044\166\364\176\277\116\244\160\271}{subsection.4.3}% 62
\BOOKMARK [3][-]{subsubsection.4.3.3}{\376\377\160\271\000\040\000P\000\040\122\060\166\364\176\277\000\040\000A\000B\000\040\215\335\171\273\121\154\137\017}{subsection.4.3}% 63
\BOOKMARK [3][-]{subsubsection.4.3.4}{\376\377\160\271\000\040\000P\000\040\122\060\176\277\153\265\000\040\000A\000B\000\040\166\204\215\335\171\273\121\154\137\017}{subsection.4.3}% 64
\BOOKMARK [3][-]{subsubsection.4.3.5}{\376\377\160\271\000\040\000P\000\040\127\050\166\364\176\277\000\040\000A\000B\000\040\116\012\166\204\142\225\137\161\160\271}{subsection.4.3}% 65
\BOOKMARK [3][-]{subsubsection.4.3.6}{\376\377\122\044\145\255\000\040\000p\000\040\160\271\146\057\124\046\127\050\176\277\153\265\000\040\000a\0001\000a\0002\000\040\116\012}{subsection.4.3}% 66
\BOOKMARK [2][-]{subsection.4.4}{\376\377\154\102\116\011\211\322\137\142\166\204\131\026\137\303\060\001\127\202\137\303\060\001\221\315\137\303\060\001\215\071\232\154\160\271}{section.4}% 67
\BOOKMARK [2][-]{subsection.4.5}{\376\377\131\032\217\271\137\142}{section.4}% 68
\BOOKMARK [3][-]{subsubsection.4.5.1}{\376\377\131\032\217\271\137\142\147\011\124\021\227\142\171\357}{subsection.4.5}% 69
\BOOKMARK [3][-]{subsubsection.4.5.2}{\376\377\122\044\145\255\160\271\146\057\124\046\127\050\116\015\201\352\116\244\131\032\217\271\137\142\377\010\123\357\116\345\116\072\121\371\131\032\217\271\137\142\377\011\121\205}{subsection.4.5}% 70
\BOOKMARK [3][-]{subsubsection.4.5.3}{\376\377\213\241\173\227\116\015\201\352\116\244\131\032\217\271\137\142\116\016\166\364\176\277\166\370\116\244\225\177\136\246\124\214}{subsection.4.5}% 71
\BOOKMARK [2][-]{subsection.4.6}{\376\377\127\006}{section.4}% 72
\BOOKMARK [3][-]{subsubsection.4.6.1}{\376\377\136\070\165\050\133\232\116\111}{subsection.4.6}% 73
\BOOKMARK [3][-]{subsubsection.4.6.2}{\376\377\154\102\127\006\116\016\166\364\176\277\116\244\160\271}{subsection.4.6}% 74
\BOOKMARK [3][-]{subsubsection.4.6.3}{\376\377\154\102\116\044\127\006\166\370\116\244\227\142\171\357}{subsection.4.6}% 75
\BOOKMARK [2][-]{subsection.4.7}{\376\377\177\121\150\074\126\376}{section.4}% 76
\BOOKMARK [3][-]{subsubsection.4.7.1}{\376\377\000p\000i\000c\000k\000\040\133\232\164\006}{subsection.4.7}% 77
\BOOKMARK [3][-]{subsubsection.4.7.2}{\376\377\131\032\217\271\137\142\121\205\220\350\124\214\217\271\116\012\177\121\150\074\160\271\145\160\221\317}{subsection.4.7}% 78
\BOOKMARK [1][-]{section.5}{\376\377\213\241\173\227\121\340\117\125}{}% 79
\BOOKMARK [2][-]{subsection.5.1}{\376\377\121\370\123\005\000\040\000A\000n\000d\000r\000e\000w\000\040\173\227\154\325}{section.5}% 80
\BOOKMARK [2][-]{subsection.5.2}{\376\377\145\313\217\154\123\141\130\363}{section.5}% 81
\BOOKMARK [3][-]{subsubsection.5.2.1}{\376\377\154\102\121\370\123\005\166\364\137\204}{subsection.5.2}% 82
\BOOKMARK [3][-]{subsubsection.5.2.2}{\376\377\154\102\121\370\123\005\166\204\133\275\377\010\121\370\123\005\133\371\216\065\160\271\166\204\147\000\134\017\120\074\377\011}{subsection.5.2}% 83
\BOOKMARK [3][-]{subsubsection.5.2.3}{\376\377\121\370\123\005\116\012\147\000\131\047\116\011\211\322\137\142\227\142\171\357}{subsection.5.2}% 84
\BOOKMARK [2][-]{subsection.5.3}{\376\377\123\112\136\163\227\142\116\244\000O\000\050\000n\000l\000o\000g\000n\000\051}{section.5}% 85
\BOOKMARK [2][-]{subsection.5.4}{\376\377\136\163\227\142\147\000\217\321\160\271\133\371\000O\000\050\000n\000l\000o\000g\000n\000\051}{section.5}% 86
\BOOKMARK [2][-]{subsection.5.5}{\376\377\165\050\176\331\133\232\123\112\137\204\166\204\127\006\211\206\166\326\147\000\131\032\166\204\160\271}{section.5}% 87
\BOOKMARK [2][-]{subsection.5.6}{\376\377\176\331\133\232\153\143\131\032\217\271\137\142\166\204\116\011\116\052\160\271\154\102\213\345\153\143\131\032\217\271\137\142\166\204\147\000\134\017\227\142\171\357}{section.5}% 88
\BOOKMARK [3][-]{subsubsection.5.6.1}{\376\377\230\230\166\356\131\047\141\017}{subsection.5.6}% 89
\BOOKMARK [3][-]{subsubsection.5.6.2}{\376\377\140\035\215\357}{subsection.5.6}% 90
\BOOKMARK [3][-]{subsubsection.5.6.3}{\376\377\116\343\170\001\133\236\163\260}{subsection.5.6}% 91
\BOOKMARK [2][-]{subsection.5.7}{\376\377\127\006\116\012\166\204\145\164\160\271}{section.5}% 92
\BOOKMARK [1][-]{section.6}{\376\377\126\376\213\272}{}% 93
\BOOKMARK [2][-]{subsection.6.1}{\376\377\147\000\134\017\165\037\142\020\150\021\377\010\145\340\124\021\126\376\377\011}{section.6}% 94
\BOOKMARK [3][-]{subsubsection.6.1.1}{\376\377\000K\000r\000u\000s\000k\000a\000l\000\040\173\227\154\325}{subsection.6.1}% 95
\BOOKMARK [3][-]{subsubsection.6.1.2}{\376\377\140\047\215\050}{subsection.6.1}% 96
\BOOKMARK [3][-]{subsubsection.6.1.3}{\376\377\142\323\134\125}{subsection.6.1}% 97
\BOOKMARK [3][-]{subsubsection.6.1.4}{\376\377\165\037\142\020\150\021\213\241\145\160\377\010\000M\000a\000t\000r\000i\000x\000\040\000T\000r\000e\000e\000\040\133\232\164\006\377\011}{subsection.6.1}% 98
\BOOKMARK [3][-]{subsubsection.6.1.5}{\376\377\147\000\134\017\165\037\142\020\150\021\213\241\145\160\377\010\000K\000r\000u\000s\000k\000a\000l\000\040\000+\000\040\000M\000a\000t\000r\000i\000x\000\040\000T\000r\000e\000e\000\040\133\232\164\006\377\011}{subsection.6.1}% 99
\BOOKMARK [2][-]{subsection.6.2}{\376\377\130\006\117\030\123\026\166\204\000\040\000D\000i\000j\000k\000s\000t\000r\000a\000\040\173\227\154\325}{section.6}% 100
\BOOKMARK [2][-]{subsection.6.3}{\376\377\000S\000P\000F\000A\000\040\000O\000\050\163\204\133\146\000\051\000\040\122\044\215\037\147\103\163\257}{section.6}% 101
\BOOKMARK [3][-]{subsubsection.6.3.1}{\376\377\152\041\147\177}{subsection.6.3}% 102
\BOOKMARK [3][-]{subsubsection.6.3.2}{\376\377\135\356\122\006\176\246\147\137\174\373\176\337}{subsection.6.3}% 103
\BOOKMARK [2][-]{subsection.6.4}{\376\377\137\072\217\336\220\032\122\006\221\317\377\010\000T\000a\000r\000j\000a\000n\000\040\173\227\154\325\377\011}{section.6}% 104
\BOOKMARK [3][-]{subsubsection.6.4.1}{\376\377\145\340\124\021\126\376}{subsection.6.4}% 105
\BOOKMARK [3][-]{subsubsection.6.4.2}{\376\377\146\156\220\032\147\011\124\021\126\376\217\154\000D\000A\000G\121\150\133\266\150\166\377\010\123\273\221\315\217\271\377\014\123\273\201\352\163\257\377\011}{subsection.6.4}% 106
\BOOKMARK [3][-]{subsubsection.6.4.3}{\376\377\127\050\000D\000A\000G\166\204\142\323\142\121\136\217\116\012\122\250\140\001\211\304\122\022\377\010\000B\000Z\000O\000J\000-\0001\0001\0007\0009\000\040\000A\000t\000m\377\011}{subsection.6.4}% 107
\BOOKMARK [2][-]{subsection.6.5}{\376\377\000C\000a\000y\000l\000e\000y\000\040\121\154\137\017\377\010\145\340\150\071\150\021\213\241\145\160\377\011}{section.6}% 108
\BOOKMARK [3][-]{subsubsection.6.5.1}{\376\377\121\154\137\017\121\205\133\271}{subsection.6.5}% 109
\BOOKMARK [3][-]{subsubsection.6.5.2}{\376\377\226\120\122\066\162\171\133\232\202\202\160\271\166\204\136\246\166\204\150\021\166\204\213\241\145\160}{subsection.6.5}% 110
\BOOKMARK [3][-]{subsubsection.6.5.3}{\376\377\000n\000\040\116\052\202\202\160\271\000\040\000k\000\040\150\365\150\021\166\204\150\356\147\227\213\241\145\160\225\356\230\230}{subsection.6.5}% 111
\BOOKMARK [2][-]{subsection.6.6}{\376\377\150\021\116\012\120\015\130\236\154\102\000\040\000L\000C\000A}{section.6}% 112
\BOOKMARK [2][-]{subsection.6.7}{\376\377\150\021\116\012\160\271\122\006\154\273\377\010\150\021\116\012\124\010\154\325\160\271\133\371\377\010\215\357\137\204\377\011\213\241\145\160\377\011}{section.6}% 113
\BOOKMARK [3][-]{subsubsection.6.7.1}{\376\377\121\231\154\325\0001\377\010\117\177\165\050\000i\000d\150\007\213\260\147\145\201\352\124\352\116\000\150\365\133\120\150\021\123\273\221\315\377\011}{subsection.6.7}% 114
\BOOKMARK [3][-]{subsubsection.6.7.2}{\376\377\121\231\154\325\0002\377\010\133\271\145\245\123\273\221\315\377\011}{subsection.6.7}% 115
\BOOKMARK [2][-]{subsection.6.8}{\376\377\217\223\121\372\153\047\142\311\126\336\215\357\377\010\215\357\137\204\377\011}{section.6}% 116
\BOOKMARK [2][-]{subsection.6.9}{\376\377\131\032\156\220\147\000\167\355\215\357\377\010\000f\000l\000o\000y\000d\000\040\173\227\154\325\377\011}{section.6}% 117
\BOOKMARK [3][-]{subsubsection.6.9.1}{\376\377\145\340\124\021\126\376\147\000\134\017\163\257}{subsection.6.9}% 118
\BOOKMARK [3][-]{subsubsection.6.9.2}{\376\377\217\223\121\372\215\357\137\204}{subsection.6.9}% 119
\BOOKMARK [2][-]{subsection.6.10}{\376\377\116\011\121\103\163\257\213\241\145\160}{section.6}% 120
\BOOKMARK [1][-]{section.7}{\376\377\177\121\176\334\155\101\116\016\123\071\221\115\225\356\230\230}{}% 121
\BOOKMARK [2][-]{subsection.7.1}{\376\377\116\214\122\006\126\376\123\071\221\115}{section.7}% 122
\BOOKMARK [3][-]{subsubsection.7.1.1}{\376\377\000K\000M\000\040\173\227\154\325\000\040\000O\000\050\000n\000\040\000\040\0003\000\051}{subsection.7.1}% 123
\BOOKMARK [3][-]{subsubsection.7.1.2}{\376\377\000H\000K\000\040\173\227\154\325\000\040\377\010\227\136\172\040\133\306\126\376\000\040\000O\000\050\000n\000n\000\051\377\011}{subsection.7.1}% 124
\BOOKMARK [2][-]{subsection.7.2}{\376\377\147\000\131\047\155\101}{section.7}% 125
\BOOKMARK [3][-]{subsubsection.7.2.1}{\376\377\147\000\131\047\155\101\377\010\000D\000i\000n\000i\000c\000\040\173\227\154\325\377\011}{subsection.7.2}% 126
\BOOKMARK [3][-]{subsubsection.7.2.2}{\376\377\147\000\134\017\215\071\165\050\147\000\131\047\155\101\377\010\000d\000i\000n\000i\000c\000\040\000+\000\040\000S\000P\000F\000A\377\011}{subsection.7.2}% 127
\BOOKMARK [2][-]{subsection.7.3}{\376\377\116\000\202\054\126\376\147\000\131\047\123\071\221\115\377\010\136\046\202\261\150\021\137\000\202\261\173\227\154\325\377\011}{section.7}% 128
\BOOKMARK [2][-]{subsection.7.4}{\376\377\136\163\227\142\126\376\166\370\121\163}{section.7}% 129
\BOOKMARK [3][-]{subsubsection.7.4.1}{\376\377\136\163\227\142\126\376\166\204\140\047\215\050}{subsection.7.4}% 130
\BOOKMARK [3][-]{subsubsection.7.4.2}{\376\377\136\163\227\142\126\376\000\040\000G\000\040\116\016\121\166\133\371\120\166\126\376\000\040\000G\000*}{subsection.7.4}% 131
\BOOKMARK [3][-]{subsubsection.7.4.3}{\376\377\000s\000-\000t\000\040\136\163\227\142\126\376}{subsection.7.4}% 132
\BOOKMARK [3][-]{subsubsection.7.4.4}{\376\377\136\224\165\050\000\040\000s\000-\000t\000\040\136\163\227\142\126\376\154\102\147\000\134\017\122\162}{subsection.7.4}% 133
\BOOKMARK [1][-]{section.8}{\376\377\145\160\143\156\176\323\147\204}{}% 134
\BOOKMARK [2][-]{subsection.8.1}{\376\377\176\277\153\265\150\021}{section.8}% 135
\BOOKMARK [3][-]{subsubsection.8.1.1}{\376\377\122\250\140\001\137\000\160\271\176\277\153\265\150\021}{subsection.8.1}% 136
\BOOKMARK [3][-]{subsubsection.8.1.2}{\376\377\123\072\225\364\147\000\131\047\133\127\153\265\124\214}{subsection.8.1}% 137
\BOOKMARK [3][-]{subsubsection.8.1.3}{\376\377\147\103\120\074\176\277\153\265\150\021\124\057\123\321\137\017\124\010\136\166}{subsection.8.1}% 138
\BOOKMARK [3][-]{subsubsection.8.1.4}{\376\377\167\351\137\142\124\150\225\177\136\166}{subsection.8.1}% 139
\BOOKMARK [3][-]{subsubsection.8.1.5}{\376\377\116\073\136\055\150\021}{subsection.8.1}% 140
\BOOKMARK [2][-]{subsection.8.2}{\376\377\000T\000r\000i\000e\000\040\150\021\000\040\377\010\133\127\121\170\150\021\377\011}{section.8}% 141
\BOOKMARK [2][-]{subsection.8.3}{\376\377\000R\000M\000Q\000\040\225\356\230\230}{section.8}% 142
\BOOKMARK [2][-]{subsection.8.4}{\376\377\150\021\224\376\122\126\122\006\377\010\217\173\221\315\224\376\122\126\122\006\377\011\000\040\000+\000\040\176\277\153\265\150\021\176\364\142\244\224\376\116\012\117\341\140\157}{section.8}% 143
\BOOKMARK [3][-]{subsubsection.8.4.1}{\376\377\152\041\147\177}{subsection.8.4}% 144
\BOOKMARK [3][-]{subsubsection.8.4.2}{\376\377\150\021\224\376\122\126\122\006\176\364\142\244\217\157\116\366\117\235\215\126\121\163\174\373}{subsection.8.4}% 145
\BOOKMARK [3][-]{subsubsection.8.4.3}{\376\377\217\271\147\103\225\356\230\230}{subsection.8.4}% 146
\BOOKMARK [3][-]{subsubsection.8.4.4}{\376\377\160\271\147\103\225\356\230\230}{subsection.8.4}% 147
\BOOKMARK [2][-]{subsection.8.5}{\376\377\136\046\147\103\136\166\147\345\226\306}{section.8}% 148
\BOOKMARK [2][-]{subsection.8.6}{\376\377\116\214\176\364\150\021\162\266\145\160\176\304}{section.8}% 149
\BOOKMARK [3][-]{subsubsection.8.6.1}{\376\377\123\125\160\271\117\356\145\071\000\040\000+\000\040\123\072\225\364\147\345\213\342}{subsection.8.6}% 150
\BOOKMARK [3][-]{subsubsection.8.6.2}{\376\377\123\072\225\364\117\356\145\071\000\040\000+\000\040\123\125\160\271\147\345\213\342}{subsection.8.6}% 151
\BOOKMARK [3][-]{subsubsection.8.6.3}{\376\377\123\072\225\364\117\356\145\071\000\040\000+\000\040\123\072\225\364\147\345\213\342\377\010\137\205\210\145\377\011}{subsection.8.6}% 152
\BOOKMARK [2][-]{subsection.8.7}{\376\377\171\273\176\277\122\006\154\273\173\227\154\325}{section.8}% 153
\BOOKMARK [3][-]{subsubsection.8.7.1}{\376\377\000C\000D\000Q\122\006\154\273\000\040\116\011\176\364\120\117\136\217\377\010\226\114\116\012\202\261\137\000\377\011}{subsection.8.7}% 154
\BOOKMARK [3][-]{subsubsection.8.7.2}{\376\377\127\372\116\216\120\074\127\337\166\204\145\164\117\123\122\006\154\273\173\227\154\325}{subsection.8.7}% 155
\BOOKMARK [2][-]{subsection.8.8}{\376\377\000S\000p\000l\000a\000y}{section.8}% 156
\BOOKMARK [3][-]{subsubsection.8.8.1}{\376\377\127\372\170\100\165\050\154\325}{subsection.8.8}% 157
\BOOKMARK [3][-]{subsubsection.8.8.2}{\376\377\123\072\225\364\177\373\217\154}{subsection.8.8}% 158
\BOOKMARK [3][-]{subsubsection.8.8.3}{\376\377\123\072\225\364\122\240\121\317\377\014\123\072\225\364\173\054\000\040\000K\000\040\131\047}{subsection.8.8}% 159
\BOOKMARK [2][-]{subsection.8.9}{\376\377\000L\000i\000n\000k\000-\000C\000u\000t\000\040\000T\000r\000e\000e}{section.8}% 160
\BOOKMARK [2][-]{subsection.8.10}{\376\377\147\116\215\205\150\021\377\010\116\214\176\364\136\163\227\142\176\364\142\244\166\364\176\277\377\011}{section.8}% 161
\BOOKMARK [2][-]{subsection.8.11}{\376\377\135\346\120\117\150\021\377\010\123\357\136\166\130\006\377\011\377\010\000l\000o\000g\000\050\000n\000\051\145\366\225\364\121\205\124\010\136\166\116\044\116\052\130\006\377\011}{section.8}% 162
\BOOKMARK [2][-]{subsection.8.12}{\376\377\124\310\136\014\210\150}{section.8}% 163
\BOOKMARK [1][-]{section.9}{\376\377\122\250\140\001\211\304\122\022}{}% 164
\BOOKMARK [2][-]{subsection.9.1}{\376\377\147\000\225\177\116\015\226\115\377\010\116\012\123\107\377\011\133\120\136\217\122\027\000\040\000O\000\050\000n\000l\000o\000g\000n\000\051}{section.9}% 165
\BOOKMARK [3][-]{subsubsection.9.1.1}{\376\377\152\041\147\177}{subsection.9.1}% 166
\BOOKMARK [3][-]{subsubsection.9.1.2}{\376\377\147\000\225\177\116\012\123\107\133\120\136\217\122\027\213\241\145\160\377\010\171\273\145\143\123\026\000\040\000+\000\040\150\021\162\266\145\160\176\304\377\011}{subsection.9.1}% 167
\BOOKMARK [2][-]{subsection.9.2}{\376\377\177\026\217\221\215\335\171\273}{section.9}% 168
\BOOKMARK [2][-]{subsection.9.3}{\376\377\213\241\173\227\000\040\000h\000x\000\040\217\333\122\066\116\013\142\100\147\011\117\115\000\040\000n\000u\000m\000\040\121\372\163\260\166\204\153\041\145\160}{section.9}% 169
\BOOKMARK [2][-]{subsection.9.4}{\376\377\147\037\147\033\060\001\151\202\163\207\000d\000p}{section.9}% 170
\BOOKMARK [2][-]{subsection.9.5}{\376\377\145\160\117\115\000\040\000d\000p}{section.9}% 171
\BOOKMARK [3][-]{subsubsection.9.5.1}{\376\377\152\041\147\177}{subsection.9.5}% 172
\BOOKMARK [3][-]{subsubsection.9.5.2}{\376\377\145\160\133\127\213\241\145\160\000\040\000c\000o\000u\000n\000t}{subsection.9.5}% 173
\BOOKMARK [2][-]{subsection.9.6}{\376\377\142\354\123\367\136\217\122\027\166\370\121\163}{section.9}% 174
\BOOKMARK [3][-]{subsubsection.9.6.1}{\376\377\147\000\225\177\124\010\154\325\142\354\123\367\136\217\122\027}{subsection.9.6}% 175
\BOOKMARK [3][-]{subsubsection.9.6.2}{\376\377\123\072\225\364\213\342\225\356\147\000\225\177\124\010\154\325\142\354\123\367\136\217\122\027}{subsection.9.6}% 176
\BOOKMARK [2][-]{subsection.9.7}{\376\377\145\234\163\207\117\030\123\026\000\040\000d\000p}{section.9}% 177
\BOOKMARK [3][-]{subsubsection.9.7.1}{\376\377\152\041\147\177}{subsection.9.7}% 178
\BOOKMARK [3][-]{subsubsection.9.7.2}{\376\377\117\213\230\230}{subsection.9.7}% 179
\BOOKMARK [2][-]{subsection.9.8}{\376\377\126\333\217\271\137\142\116\015\173\111\137\017}{section.9}% 180
\BOOKMARK [3][-]{subsubsection.9.8.1}{\376\377\127\372\147\054\164\006\213\272}{subsection.9.8}% 181
\BOOKMARK [3][-]{subsubsection.9.8.2}{\376\377\117\030\123\026\163\257\137\142\167\363\133\120\124\010\136\166\000\040\000\050\000O\000\050\000n\0003\000\051\000\040\000T\000o\000\040\000O\000\050\000n\0002\000\051\000\051}{subsection.9.8}% 182
\BOOKMARK [2][-]{subsection.9.9}{\376\377\147\000\131\047\000\040\000m\000\040\133\120\153\265\124\214}{section.9}% 183
\BOOKMARK [2][-]{subsection.9.10}{\376\377\206\132\150\021\000\040\000D\000P}{section.9}% 184
\BOOKMARK [1][-]{section.10}{\376\377\123\132\137\010\213\272}{}% 185
\BOOKMARK [2][-]{subsection.10.1}{\376\377\000B\000a\000s\000h\000\040\123\132\137\010}{section.10}% 186
\BOOKMARK [2][-]{subsection.10.2}{\376\377\000N\000i\000m\000\040\123\132\137\010}{section.10}% 187
\BOOKMARK [2][-]{subsection.10.3}{\376\377\000W\000y\000t\000h\000o\000f\000f\000\040\123\132\137\010}{section.10}% 188
\BOOKMARK [2][-]{subsection.10.4}{\376\377\121\154\136\163\176\304\124\010\156\070\142\017}{section.10}% 189
\BOOKMARK [3][-]{subsubsection.10.4.1}{\376\377\000S\000G\000-\176\304\124\010\156\070\142\017}{subsection.10.4}% 190
\BOOKMARK [3][-]{subsubsection.10.4.2}{\376\377\000S\000p\000r\000a\000g\000u\000e\000-\000G\000r\000u\000n\000d\000y\000\040\121\375\145\160}{subsection.10.4}% 191
\BOOKMARK [3][-]{subsubsection.10.4.3}{\376\377\156\070\142\017\166\204\124\214}{subsection.10.4}% 192
\BOOKMARK [3][-]{subsubsection.10.4.4}{\376\377\000S\000p\000r\000a\000g\000u\000e\000-\000G\000r\000u\000n\000d\000y\000\040\133\232\164\006}{subsection.10.4}% 193
\BOOKMARK [3][-]{subsubsection.10.4.5}{\376\377\000A\000n\000t\000i\000-\000S\000G\000\040\156\070\142\017}{subsection.10.4}% 194
\BOOKMARK [2][-]{subsection.10.5}{\376\377\122\040\217\271\156\070\142\017}{section.10}% 195
\BOOKMARK [3][-]{subsubsection.10.5.1}{\376\377\150\021\166\204\122\040\217\271\156\070\142\017}{subsection.10.5}% 196
\BOOKMARK [3][-]{subsubsection.10.5.2}{\376\377\145\340\124\021\126\376\122\040\217\271\156\070\142\017}{subsection.10.5}% 197
\BOOKMARK [1][-]{section.11}{\376\377\133\127\173\046\116\062}{}% 198
\BOOKMARK [2][-]{subsection.11.1}{\376\377\147\000\225\177\126\336\145\207\133\120\116\062\000\040\377\010\000M\000a\000n\000a\000c\000h\000e\000r\000\040\173\227\154\325\377\011}{section.11}% 199
\BOOKMARK [2][-]{subsection.11.2}{\376\377\000K\000M\000P\000\040\173\227\154\325\377\010\123\125\153\315\116\062\123\071\221\115\377\011}{section.11}% 200
\BOOKMARK [3][-]{subsubsection.11.2.1}{\376\377\152\041\147\177}{subsection.11.2}% 201
\BOOKMARK [3][-]{subsubsection.11.2.2}{\376\377\137\252\163\257\202\202}{subsection.11.2}% 202
\BOOKMARK [3][-]{subsubsection.11.2.3}{\376\377\142\323\134\125\000k\000m\000p\000\040\377\010\154\102\000\040\000T\000\040\116\016\000\040\000S\166\204\153\317\116\000\116\052\124\016\177\000\377\032\000s\000[\000i\000\040\000\040\000\040\000n\000\040\000-\000\040\0001\000]\000\040\166\204\147\000\225\177\121\154\121\161\122\115\177\000\377\011}{subsection.11.2}% 203
\BOOKMARK [2][-]{subsection.11.3}{\376\377\000A\000C\201\352\122\250\147\072\377\010\131\032\153\315\116\062\123\071\221\115\377\011}{section.11}% 204
\BOOKMARK [2][-]{subsection.11.4}{\376\377\137\252\163\257\116\062\166\204\147\000\134\017\210\150\171\072\154\325}{section.11}% 205
\BOOKMARK [2][-]{subsection.11.5}{\376\377\136\217\122\027\201\352\122\250\147\072}{section.11}% 206
\BOOKMARK [2][-]{subsection.11.6}{\376\377\116\373\141\017\133\120\116\062\000\040\000H\000a\000s\000h}{section.11}% 207
\BOOKMARK [2][-]{subsection.11.7}{\376\377\000s\000h\000i\000f\000t\000-\000a\000n\000d\000\040\173\227\154\325}{section.11}% 208
\BOOKMARK [2][-]{subsection.11.8}{\376\377\124\016\177\000\145\160\176\304}{section.11}% 209
\BOOKMARK [2][-]{subsection.11.9}{\376\377\124\016\177\000\201\352\122\250\147\072\377\010\134\006\142\100\147\011\133\120\116\062\123\213\177\051\122\060\116\000\116\052\000\040\000D\000A\000G\000\040\116\055\377\011}{section.11}% 210
\BOOKMARK [3][-]{subsubsection.11.9.1}{\376\377\152\041\147\177}{subsection.11.9}% 211
\BOOKMARK [3][-]{subsubsection.11.9.2}{\376\377\133\127\173\046\116\062\147\054\215\050\116\015\124\014\166\204\227\136\172\172\133\120\116\062\116\052\145\160}{subsection.11.9}% 212
\BOOKMARK [3][-]{subsubsection.11.9.3}{\376\377\133\127\173\046\116\062\166\204\142\100\147\011\225\177\136\246\116\072\000\040\000K\000\040\166\204\133\120\116\062\121\372\163\260\153\041\145\160\147\000\131\032\166\204\133\120\116\062\166\204\121\372\163\260\153\041\145\160}{subsection.11.9}% 213
\BOOKMARK [3][-]{subsubsection.11.9.4}{\376\377\147\000\225\177\116\015\221\315\123\340\133\120\116\062}{subsection.11.9}% 214
\BOOKMARK [3][-]{subsubsection.11.9.5}{\376\377\133\127\121\170\136\217\173\054\000\040\000K\000\040\134\017\133\120\116\062}{subsection.11.9}% 215
\BOOKMARK [3][-]{subsubsection.11.9.6}{\376\377\131\032\116\052\133\127\173\046\116\062\166\204\147\000\225\177\121\154\121\161\133\120\116\062}{subsection.11.9}% 216
\BOOKMARK [1][-]{section.12}{\376\377\147\102\230\171}{}% 217
\BOOKMARK [2][-]{subsection.12.1}{\376\377\000j\000a\000v\000a\000\040\217\223\121\145\217\223\121\372\143\002}{section.12}% 218
\BOOKMARK [2][-]{subsection.12.2}{\376\377\152\041\142\337\220\000\160\153\377\010\000S\000i\000m\000u\000l\000a\000t\000e\000\040\000A\000n\000n\000e\000a\000l\377\011}{section.12}% 219
\BOOKMARK [2][-]{subsection.12.3}{\376\377\141\142\220\037\116\130\377\010\226\062\153\142\116\130\154\325\156\242\121\372\377\011}{section.12}% 220
\BOOKMARK [2][-]{subsection.12.4}{\376\377\116\011\122\006\147\345\142\176}{section.12}% 221
\BOOKMARK [2][-]{subsection.12.5}{\376\377\122\006\145\160\174\173}{section.12}% 222
\BOOKMARK [2][-]{subsection.12.6}{\376\377\123\101\217\333\122\066\154\064\116\331\202\261\145\160}{section.12}% 223
\BOOKMARK [2][-]{subsection.12.7}{\376\377\162\133\230\177\217\355\116\343\154\325\377\010\131\047\145\160\137\000\145\271\377\011}{section.12}% 224
\BOOKMARK [2][-]{subsection.12.8}{\376\377\116\000\116\233\131\107\131\107\140\052\140\052\166\204\140\047\215\050}{section.12}% 225
